2023-12-13 00:56:57,870 - kedro.framework.session.session - INFO - Kedro project emotion-detection
2023-12-13 00:57:08,860 - py.warnings - WARNING - C:\Users\Nico\Desktop\uchile\EL7022 - Procesamiento de Voz en Telecomunicaciones\NN_SER\lib\site-packages\kedro\framework\project\__init__.py:366: UserWarning: An error occurred while importing the 'emotion_detection.pipelines.train_model' module. Nothing defined therein will be returned by 'find_pipelines'.

Traceback (most recent call last):
  File "C:\Users\Nico\Desktop\uchile\EL7022 - Procesamiento de Voz en Telecomunicaciones\NN_SER\lib\site-packages\kedro\framework\project\__init__.py", line 364, in find_pipelines
    pipeline_module = importlib.import_module(pipeline_module_name)
  File "C:\Users\Nico\.pyenv\pyenv-win\versions\3.10.9\lib\importlib\__init__.py", line 126, in import_module
    return _bootstrap._gcd_import(name[level:], package, level)
  File "<frozen importlib._bootstrap>", line 1050, in _gcd_import
  File "<frozen importlib._bootstrap>", line 1027, in _find_and_load
  File "<frozen importlib._bootstrap>", line 1006, in _find_and_load_unlocked
  File "<frozen importlib._bootstrap>", line 688, in _load_unlocked
  File "<frozen importlib._bootstrap_external>", line 883, in exec_module
  File "<frozen importlib._bootstrap>", line 241, in _call_with_frames_removed
  File "C:\Users\Nico\Desktop\uchile\EL7022 - Procesamiento de Voz en Telecomunicaciones\NN_SER\emotion-detection\src\emotion_detection\pipelines\train_model\__init__.py", line 6, in <module>
    from .pipeline import create_pipeline
  File "C:\Users\Nico\Desktop\uchile\EL7022 - Procesamiento de Voz en Telecomunicaciones\NN_SER\emotion-detection\src\emotion_detection\pipelines\train_model\pipeline.py", line 8, in <module>
    from .nodes import evaluate_model, train_model  # , save_keras_model, load_keras_model
  File "C:\Users\Nico\Desktop\uchile\EL7022 - Procesamiento de Voz en Telecomunicaciones\NN_SER\emotion-detection\src\emotion_detection\pipelines\train_model\nodes.py", line 8, in <module>
    import tensorflow as tf
  File "C:\Users\Nico\Desktop\uchile\EL7022 - Procesamiento de Voz en Telecomunicaciones\NN_SER\lib\site-packages\tensorflow\__init__.py", line 469, in <module>
    _keras._load()
  File "C:\Users\Nico\Desktop\uchile\EL7022 - Procesamiento de Voz en Telecomunicaciones\NN_SER\lib\site-packages\tensorflow\python\util\lazy_loader.py", line 41, in _load
    module = importlib.import_module(self.__name__)
  File "C:\Users\Nico\.pyenv\pyenv-win\versions\3.10.9\lib\importlib\__init__.py", line 126, in import_module
    return _bootstrap._gcd_import(name[level:], package, level)
  File "C:\Users\Nico\Desktop\uchile\EL7022 - Procesamiento de Voz en Telecomunicaciones\NN_SER\lib\site-packages\keras\__init__.py", line 20, in <module>
    from keras import distribute
  File "C:\Users\Nico\Desktop\uchile\EL7022 - Procesamiento de Voz en Telecomunicaciones\NN_SER\lib\site-packages\keras\distribute\__init__.py", line 18, in <module>
    from keras.distribute import sidecar_evaluator
  File "C:\Users\Nico\Desktop\uchile\EL7022 - Procesamiento de Voz en Telecomunicaciones\NN_SER\lib\site-packages\keras\distribute\sidecar_evaluator.py", line 17, in <module>
    import tensorflow.compat.v2 as tf
  File "C:\Users\Nico\Desktop\uchile\EL7022 - Procesamiento de Voz en Telecomunicaciones\NN_SER\lib\site-packages\tensorflow\_api\v2\compat\__init__.py", line 38, in <module>
    from . import v2
  File "C:\Users\Nico\Desktop\uchile\EL7022 - Procesamiento de Voz en Telecomunicaciones\NN_SER\lib\site-packages\tensorflow\_api\v2\compat\v2\__init__.py", line 37, in <module>
    from . import distribute
  File "C:\Users\Nico\Desktop\uchile\EL7022 - Procesamiento de Voz en Telecomunicaciones\NN_SER\lib\site-packages\tensorflow\_api\v2\compat\v2\distribute\__init__.py", line 182, in <module>
    from . import experimental
  File "C:\Users\Nico\Desktop\uchile\EL7022 - Procesamiento de Voz en Telecomunicaciones\NN_SER\lib\site-packages\tensorflow\_api\v2\compat\v2\distribute\experimental\__init__.py", line 10, in <module>
    from . import rpc
  File "<frozen importlib._bootstrap>", line 1027, in _find_and_load
  File "<frozen importlib._bootstrap>", line 1006, in _find_and_load_unlocked
  File "<frozen importlib._bootstrap>", line 688, in _load_unlocked
  File "<frozen importlib._bootstrap_external>", line 879, in exec_module
  File "<frozen importlib._bootstrap_external>", line 975, in get_code
  File "<frozen importlib._bootstrap_external>", line 1074, in get_data
KeyboardInterrupt

  warnings.warn(

2023-12-13 00:57:09,409 - kedro.io.data_catalog - INFO - Loading data from 'params:data_raw_path' (MemoryDataset)...
2023-12-13 00:57:09,417 - kedro.pipeline.node - INFO - Running node: load_data: load_data([params:data_raw_path]) -> [raw_data]
2023-12-13 00:57:09,423 - kedro.pipeline.node - ERROR - Node 'load_data: load_data([params:data_raw_path]) -> [raw_data]' failed with error: 
[Errno 2] No such file or directory: 'C:\\Users\\Nico\\Desktop\\uchile\\EL7022 - Procesamiento de Voz en Telecomunicaciones\\Proyecto\\CREMA-D\\finishedResponses.csv'
2023-12-13 00:57:09,426 - kedro.runner.sequential_runner - WARNING - No nodes ran. Repeat the previous command to attempt a new run.
2023-12-13 00:59:26,766 - kedro.framework.session.session - INFO - Kedro project emotion-detection
2023-12-13 00:59:31,769 - kedro.io.data_catalog - INFO - Loading data from 'params:data_raw_path' (MemoryDataset)...
2023-12-13 00:59:31,777 - kedro.pipeline.node - INFO - Running node: load_data: load_data([params:data_raw_path]) -> [raw_data]
2023-12-13 00:59:31,777 - kedro.pipeline.node - ERROR - Node 'load_data: load_data([params:data_raw_path]) -> [raw_data]' failed with error: 
[Errno 2] No such file or directory: 'C:\\Users\\Nico\\Desktop\\uchile\\EL7022 - Procesamiento de Voz en Telecomunicaciones\\Proyecto\\CREMA-D\\finishedResponses.csv'
2023-12-13 00:59:31,777 - kedro.runner.sequential_runner - WARNING - No nodes ran. Repeat the previous command to attempt a new run.
2023-12-13 00:59:50,919 - kedro.framework.session.session - INFO - Kedro project emotion-detection
2023-12-13 00:59:56,111 - kedro.io.data_catalog - INFO - Loading data from 'params:data_raw_path' (MemoryDataset)...
2023-12-13 00:59:56,111 - kedro.pipeline.node - INFO - Running node: load_data: load_data([params:data_raw_path]) -> [raw_data]
2023-12-13 00:59:56,376 - py.warnings - WARNING - C:\Users\Nico\Desktop\uchile\EL7022 - Procesamiento de Voz en Telecomunicaciones\NN_SER\emotion-detection\src\emotion_detection\pipelines\prepare_data\nodes.py:13: DtypeWarning: Columns (13) have mixed types. Specify dtype option on import or set low_memory=False.
  return pd.read_csv(path)

2023-12-13 00:59:56,458 - kedro.io.data_catalog - INFO - Saving data to 'raw_data' (CSVDataSet)...
2023-12-13 00:59:57,534 - kedro.runner.sequential_runner - INFO - Completed 1 out of 7 tasks
2023-12-13 00:59:57,534 - kedro.io.data_catalog - INFO - Loading data from 'raw_data' (CSVDataSet)...
2023-12-13 00:59:57,787 - py.warnings - WARNING - C:\Users\Nico\Desktop\uchile\EL7022 - Procesamiento de Voz en Telecomunicaciones\NN_SER\lib\site-packages\kedro\extras\datasets\pandas\csv_dataset.py:160: DtypeWarning: Columns (13) have mixed types. Specify dtype option on import or set low_memory=False.
  return pd.read_csv(load_path, **self._load_args)

2023-12-13 00:59:57,859 - kedro.pipeline.node - INFO - Running node: select_features: select_features([raw_data]) -> [video_names,target,other_data]
2023-12-13 00:59:57,955 - kedro.io.data_catalog - INFO - Saving data to 'video_names' (CSVDataSet)...
2023-12-13 00:59:58,227 - kedro.io.data_catalog - INFO - Saving data to 'target' (CSVDataSet)...
2023-12-13 00:59:58,395 - kedro.io.data_catalog - INFO - Saving data to 'other_data' (CSVDataSet)...
2023-12-13 00:59:59,348 - kedro.runner.sequential_runner - INFO - Completed 2 out of 7 tasks
2023-12-13 00:59:59,348 - kedro.io.data_catalog - INFO - Loading data from 'video_names' (CSVDataSet)...
2023-12-13 00:59:59,415 - kedro.io.data_catalog - INFO - Loading data from 'params:recreate_data' (MemoryDataset)...
2023-12-13 00:59:59,423 - kedro.pipeline.node - INFO - Running node: prepare_data: prepare_data([video_names,params:recreate_data]) -> [mfcc_features,stft_features,lpc_features,mel_features]
2023-12-13 00:59:59,431 - kedro.pipeline.node - ERROR - Node 'prepare_data: prepare_data([video_names,params:recreate_data]) -> [mfcc_features,stft_features,lpc_features,mel_features]' failed with error: 
../mfcc_features.csv not found.
2023-12-13 00:59:59,439 - kedro.runner.sequential_runner - WARNING - There are 5 nodes that have not run.
You can resume the pipeline run from the nearest nodes with persisted inputs by adding the following argument to your previous command:
  --from-nodes "select_features,process_data"
2023-12-13 01:00:40,417 - kedro.framework.session.session - INFO - Kedro project emotion-detection
2023-12-13 01:00:46,603 - kedro.io.data_catalog - INFO - Loading data from 'params:data_raw_path' (MemoryDataset)...
2023-12-13 01:00:46,612 - kedro.pipeline.node - INFO - Running node: load_data: load_data([params:data_raw_path]) -> [raw_data]
2023-12-13 01:00:46,933 - py.warnings - WARNING - C:\Users\Nico\Desktop\uchile\EL7022 - Procesamiento de Voz en Telecomunicaciones\NN_SER\emotion-detection\src\emotion_detection\pipelines\prepare_data\nodes.py:13: DtypeWarning: Columns (13) have mixed types. Specify dtype option on import or set low_memory=False.
  return pd.read_csv(path)

2023-12-13 01:00:47,021 - kedro.io.data_catalog - INFO - Saving data to 'raw_data' (CSVDataSet)...
2023-12-13 01:00:48,023 - kedro.runner.sequential_runner - INFO - Completed 1 out of 7 tasks
2023-12-13 01:00:48,023 - kedro.io.data_catalog - INFO - Loading data from 'raw_data' (CSVDataSet)...
2023-12-13 01:00:48,295 - py.warnings - WARNING - C:\Users\Nico\Desktop\uchile\EL7022 - Procesamiento de Voz en Telecomunicaciones\NN_SER\lib\site-packages\kedro\extras\datasets\pandas\csv_dataset.py:160: DtypeWarning: Columns (13) have mixed types. Specify dtype option on import or set low_memory=False.
  return pd.read_csv(load_path, **self._load_args)

2023-12-13 01:00:48,377 - kedro.pipeline.node - INFO - Running node: select_features: select_features([raw_data]) -> [video_names,target,other_data]
2023-12-13 01:00:48,451 - kedro.io.data_catalog - INFO - Saving data to 'video_names' (CSVDataSet)...
2023-12-13 01:00:48,674 - kedro.io.data_catalog - INFO - Saving data to 'target' (CSVDataSet)...
2023-12-13 01:00:48,903 - kedro.io.data_catalog - INFO - Saving data to 'other_data' (CSVDataSet)...
2023-12-13 01:00:49,681 - kedro.runner.sequential_runner - INFO - Completed 2 out of 7 tasks
2023-12-13 01:00:49,690 - kedro.io.data_catalog - INFO - Loading data from 'video_names' (CSVDataSet)...
2023-12-13 01:00:49,756 - kedro.io.data_catalog - INFO - Loading data from 'params:recreate_data' (MemoryDataset)...
2023-12-13 01:00:49,764 - kedro.pipeline.node - INFO - Running node: prepare_data: prepare_data([video_names,params:recreate_data]) -> [mfcc_features,stft_features,lpc_features,mel_features]
2023-12-13 01:01:08,442 - kedro.io.data_catalog - INFO - Saving data to 'mfcc_features' (CSVDataSet)...
2023-12-13 01:01:14,538 - kedro.io.data_catalog - INFO - Saving data to 'stft_features' (CSVDataSet)...
2023-12-13 01:01:18,223 - kedro.io.data_catalog - INFO - Saving data to 'lpc_features' (CSVDataSet)...
2023-12-13 01:01:22,645 - kedro.io.data_catalog - INFO - Saving data to 'mel_features' (CSVDataSet)...
2023-12-13 01:02:08,630 - kedro.runner.sequential_runner - INFO - Completed 3 out of 7 tasks
2023-12-13 01:02:08,630 - kedro.io.data_catalog - INFO - Loading data from 'mfcc_features' (CSVDataSet)...
2023-12-13 01:02:09,557 - kedro.io.data_catalog - INFO - Loading data from 'stft_features' (CSVDataSet)...
2023-12-13 01:02:09,990 - kedro.io.data_catalog - INFO - Loading data from 'lpc_features' (CSVDataSet)...
2023-12-13 01:02:10,416 - kedro.io.data_catalog - INFO - Loading data from 'mel_features' (CSVDataSet)...
2023-12-13 01:02:15,463 - kedro.io.data_catalog - INFO - Loading data from 'other_data' (CSVDataSet)...
2023-12-13 01:02:15,826 - py.warnings - WARNING - C:\Users\Nico\Desktop\uchile\EL7022 - Procesamiento de Voz en Telecomunicaciones\NN_SER\lib\site-packages\kedro\extras\datasets\pandas\csv_dataset.py:160: DtypeWarning: Columns (12) have mixed types. Specify dtype option on import or set low_memory=False.
  return pd.read_csv(load_path, **self._load_args)

2023-12-13 01:02:15,900 - kedro.io.data_catalog - INFO - Loading data from 'target' (CSVDataSet)...
2023-12-13 01:02:15,973 - kedro.io.data_catalog - INFO - Loading data from 'params:split_data_params' (MemoryDataset)...
2023-12-13 01:02:16,217 - kedro.pipeline.node - INFO - Running node: split_data: split_data([mfcc_features,stft_features,lpc_features,mel_features,other_data,target,params:split_data_params]) -> [X_train_pre,X_val_pre,X_test_pre,y_train_pre,y_val_pre,y_test_pre]
2023-12-13 01:02:18,231 - kedro.io.data_catalog - INFO - Saving data to 'X_train_pre' (CSVDataSet)...
2023-12-13 01:02:56,072 - kedro.io.data_catalog - INFO - Saving data to 'X_val_pre' (CSVDataSet)...
2023-12-13 01:03:07,832 - kedro.io.data_catalog - INFO - Saving data to 'X_test_pre' (CSVDataSet)...
2023-12-13 01:03:12,437 - kedro.io.data_catalog - INFO - Saving data to 'y_train_pre' (CSVDataSet)...
2023-12-13 01:03:12,562 - kedro.io.data_catalog - INFO - Saving data to 'y_val_pre' (CSVDataSet)...
2023-12-13 01:03:12,608 - kedro.io.data_catalog - INFO - Saving data to 'y_test_pre' (CSVDataSet)...
2023-12-13 01:03:12,687 - kedro.runner.sequential_runner - INFO - Completed 4 out of 7 tasks
2023-12-13 01:03:12,687 - kedro.io.data_catalog - INFO - Loading data from 'X_train_pre' (CSVDataSet)...
2023-12-13 01:03:17,516 - kedro.io.data_catalog - INFO - Loading data from 'X_val_pre' (CSVDataSet)...
2023-12-13 01:03:19,032 - kedro.io.data_catalog - INFO - Loading data from 'X_test_pre' (CSVDataSet)...
2023-12-13 01:03:20,232 - kedro.io.data_catalog - INFO - Loading data from 'y_train_pre' (CSVDataSet)...
2023-12-13 01:03:20,279 - kedro.io.data_catalog - INFO - Loading data from 'y_val_pre' (CSVDataSet)...
2023-12-13 01:03:20,310 - kedro.io.data_catalog - INFO - Loading data from 'y_test_pre' (CSVDataSet)...
2023-12-13 01:03:20,839 - kedro.pipeline.node - INFO - Running node: process_data: process_data([X_train_pre,X_val_pre,X_test_pre,y_train_pre,y_val_pre,y_test_pre]) -> [X_train,X_val,X_test,y_train,y_val,y_test]
2023-12-13 01:03:22,016 - kedro.io.data_catalog - INFO - Saving data to 'X_train' (CSVDataSet)...
2023-12-13 01:03:59,060 - kedro.io.data_catalog - INFO - Saving data to 'X_val' (CSVDataSet)...
2023-12-13 01:04:10,061 - kedro.io.data_catalog - INFO - Saving data to 'X_test' (CSVDataSet)...
2023-12-13 01:04:14,983 - kedro.io.data_catalog - INFO - Saving data to 'y_train' (CSVDataSet)...
2023-12-13 01:04:15,186 - kedro.io.data_catalog - INFO - Saving data to 'y_val' (CSVDataSet)...
2023-12-13 01:04:15,249 - kedro.io.data_catalog - INFO - Saving data to 'y_test' (CSVDataSet)...
2023-12-13 01:04:15,327 - kedro.runner.sequential_runner - INFO - Completed 5 out of 7 tasks
2023-12-13 01:04:15,327 - kedro.io.data_catalog - INFO - Loading data from 'X_train' (CSVDataSet)...
2023-12-13 01:04:16,983 - kedro.runner.sequential_runner - WARNING - There are 2 nodes that have not run.
You can resume the pipeline run from the nearest nodes with persisted inputs by adding the following argument to your previous command:
  --from-nodes "process_data"
2023-12-13 01:15:02,625 - kedro.framework.session.session - INFO - Kedro project emotion-detection
2023-12-13 01:15:11,282 - kedro.io.data_catalog - INFO - Loading data from 'X_train' (CSVDataSet)...
2023-12-13 01:15:15,188 - kedro.io.data_catalog - INFO - Loading data from 'X_val' (CSVDataSet)...
2023-12-13 01:15:16,250 - kedro.io.data_catalog - INFO - Loading data from 'y_train' (CSVDataSet)...
2023-12-13 01:15:16,313 - kedro.io.data_catalog - INFO - Loading data from 'y_val' (CSVDataSet)...
2023-12-13 01:15:16,329 - kedro.io.data_catalog - INFO - Loading data from 'params:model_params' (MemoryDataset)...
2023-12-13 01:15:16,329 - kedro.io.data_catalog - INFO - Loading data from 'params:train_params' (MemoryDataset)...
2023-12-13 01:15:16,563 - kedro.pipeline.node - INFO - Running node: train_model: train_model([X_train,X_val,y_train,y_val,params:model_params,params:train_params]) -> [dummy]
2023-12-13 01:19:53,636 - kedro.io.data_catalog - INFO - Saving data to 'dummy' (TextDataSet)...
2023-12-13 01:19:53,662 - kedro.runner.sequential_runner - INFO - Completed 1 out of 2 tasks
2023-12-13 01:19:53,665 - kedro.io.data_catalog - INFO - Loading data from 'X_test' (CSVDataSet)...
2023-12-13 01:19:54,314 - kedro.io.data_catalog - INFO - Loading data from 'y_test' (CSVDataSet)...
2023-12-13 01:19:54,345 - kedro.io.data_catalog - INFO - Loading data from 'params:model_params' (MemoryDataset)...
2023-12-13 01:19:54,347 - kedro.io.data_catalog - INFO - Loading data from 'dummy' (TextDataSet)...
2023-12-13 01:19:54,455 - kedro.pipeline.node - INFO - Running node: evaluate_model: evaluate_model([X_test,y_test,params:model_params,dummy]) -> None
2023-12-13 01:20:16,723 - py.warnings - WARNING - C:\Users\Nico\Desktop\uchile\EL7022 - Procesamiento de Voz en Telecomunicaciones\NN_SER\lib\site-packages\_distutils_hack\__init__.py:33: UserWarning: Setuptools is replacing distutils.
  warnings.warn("Setuptools is replacing distutils.")

2023-12-13 01:20:16,985 - kedro.runner.sequential_runner - INFO - Completed 2 out of 2 tasks
2023-12-13 01:20:16,987 - kedro.runner.sequential_runner - INFO - Pipeline execution completed successfully.
2023-12-13 01:23:45,897 - kedro.framework.session.session - INFO - Kedro project emotion-detection
2023-12-13 01:23:54,236 - kedro.io.data_catalog - INFO - Loading data from 'X_train' (CSVDataSet)...
2023-12-13 01:23:59,972 - kedro.io.data_catalog - INFO - Loading data from 'X_val' (CSVDataSet)...
2023-12-13 01:24:01,471 - kedro.io.data_catalog - INFO - Loading data from 'y_train' (CSVDataSet)...
2023-12-13 01:24:01,519 - kedro.io.data_catalog - INFO - Loading data from 'y_val' (CSVDataSet)...
2023-12-13 01:24:01,533 - kedro.io.data_catalog - INFO - Loading data from 'params:model_params' (MemoryDataset)...
2023-12-13 01:24:01,544 - kedro.io.data_catalog - INFO - Loading data from 'params:train_params' (MemoryDataset)...
2023-12-13 01:24:01,825 - kedro.pipeline.node - INFO - Running node: train_model: train_model([X_train,X_val,y_train,y_val,params:model_params,params:train_params]) -> [dummy]
2023-12-13 01:28:13,505 - kedro.io.data_catalog - INFO - Saving data to 'dummy' (TextDataSet)...
2023-12-13 01:28:13,534 - kedro.runner.sequential_runner - INFO - Completed 1 out of 2 tasks
2023-12-13 01:28:13,536 - kedro.io.data_catalog - INFO - Loading data from 'X_test' (CSVDataSet)...
2023-12-13 01:28:14,210 - kedro.io.data_catalog - INFO - Loading data from 'y_test' (CSVDataSet)...
2023-12-13 01:28:14,228 - kedro.io.data_catalog - INFO - Loading data from 'params:model_params' (MemoryDataset)...
2023-12-13 01:28:14,230 - kedro.io.data_catalog - INFO - Loading data from 'dummy' (TextDataSet)...
2023-12-13 01:28:14,342 - kedro.pipeline.node - INFO - Running node: evaluate_model: evaluate_model([X_test,y_test,params:model_params,dummy]) -> None
2023-12-13 01:28:30,509 - py.warnings - WARNING - C:\Users\Nico\Desktop\uchile\EL7022 - Procesamiento de Voz en Telecomunicaciones\NN_SER\lib\site-packages\_distutils_hack\__init__.py:33: UserWarning: Setuptools is replacing distutils.
  warnings.warn("Setuptools is replacing distutils.")

2023-12-13 01:28:30,728 - kedro.runner.sequential_runner - INFO - Completed 2 out of 2 tasks
2023-12-13 01:28:30,730 - kedro.runner.sequential_runner - INFO - Pipeline execution completed successfully.
2023-12-13 01:31:11,686 - kedro.framework.session.session - INFO - Kedro project emotion-detection
2023-12-13 01:31:16,570 - kedro.io.data_catalog - INFO - Loading data from 'X_train' (CSVDataSet)...
2023-12-13 01:31:22,373 - kedro.io.data_catalog - INFO - Loading data from 'X_val' (CSVDataSet)...
2023-12-13 01:31:24,503 - kedro.io.data_catalog - INFO - Loading data from 'y_train' (CSVDataSet)...
2023-12-13 01:31:24,589 - kedro.io.data_catalog - INFO - Loading data from 'y_val' (CSVDataSet)...
2023-12-13 01:31:24,625 - kedro.io.data_catalog - INFO - Loading data from 'params:model_params' (MemoryDataset)...
2023-12-13 01:31:24,627 - kedro.io.data_catalog - INFO - Loading data from 'params:train_params' (MemoryDataset)...
2023-12-13 01:31:25,054 - kedro.pipeline.node - INFO - Running node: train_model: train_model([X_train,X_val,y_train,y_val,params:model_params,params:train_params]) -> [dummy]
2023-12-13 01:36:50,845 - kedro.io.data_catalog - INFO - Saving data to 'dummy' (TextDataSet)...
2023-12-13 01:36:50,859 - kedro.runner.sequential_runner - INFO - Completed 1 out of 2 tasks
2023-12-13 01:36:50,861 - kedro.io.data_catalog - INFO - Loading data from 'X_test' (CSVDataSet)...
2023-12-13 01:36:51,527 - kedro.io.data_catalog - INFO - Loading data from 'y_test' (CSVDataSet)...
2023-12-13 01:36:51,545 - kedro.io.data_catalog - INFO - Loading data from 'params:model_params' (MemoryDataset)...
2023-12-13 01:36:51,547 - kedro.io.data_catalog - INFO - Loading data from 'dummy' (TextDataSet)...
2023-12-13 01:36:51,650 - kedro.pipeline.node - INFO - Running node: evaluate_model: evaluate_model([X_test,y_test,params:model_params,dummy]) -> None
2023-12-13 01:37:09,227 - py.warnings - WARNING - C:\Users\Nico\Desktop\uchile\EL7022 - Procesamiento de Voz en Telecomunicaciones\NN_SER\lib\site-packages\_distutils_hack\__init__.py:33: UserWarning: Setuptools is replacing distutils.
  warnings.warn("Setuptools is replacing distutils.")

2023-12-13 01:37:09,389 - kedro.runner.sequential_runner - INFO - Completed 2 out of 2 tasks
2023-12-13 01:37:09,391 - kedro.runner.sequential_runner - INFO - Pipeline execution completed successfully.
2023-12-13 01:48:39,937 - kedro.framework.session.session - INFO - Kedro project emotion-detection
2023-12-13 01:48:44,549 - kedro.io.data_catalog - INFO - Loading data from 'X_train' (CSVDataSet)...
2023-12-13 01:48:48,989 - kedro.io.data_catalog - INFO - Loading data from 'X_val' (CSVDataSet)...
2023-12-13 01:48:50,291 - kedro.io.data_catalog - INFO - Loading data from 'y_train' (CSVDataSet)...
2023-12-13 01:48:50,338 - kedro.io.data_catalog - INFO - Loading data from 'y_val' (CSVDataSet)...
2023-12-13 01:48:50,357 - kedro.io.data_catalog - INFO - Loading data from 'params:model_params' (MemoryDataset)...
2023-12-13 01:48:50,357 - kedro.io.data_catalog - INFO - Loading data from 'params:train_params' (MemoryDataset)...
2023-12-13 01:48:50,620 - kedro.pipeline.node - INFO - Running node: train_model: train_model([X_train,X_val,y_train,y_val,params:model_params,params:train_params]) -> [dummy]
2023-12-13 01:51:58,931 - kedro.io.data_catalog - INFO - Saving data to 'dummy' (TextDataSet)...
2023-12-13 01:51:58,958 - kedro.runner.sequential_runner - INFO - Completed 1 out of 2 tasks
2023-12-13 01:51:58,958 - kedro.io.data_catalog - INFO - Loading data from 'X_test' (CSVDataSet)...
2023-12-13 01:51:59,559 - kedro.io.data_catalog - INFO - Loading data from 'y_test' (CSVDataSet)...
2023-12-13 01:51:59,575 - kedro.io.data_catalog - INFO - Loading data from 'params:model_params' (MemoryDataset)...
2023-12-13 01:51:59,575 - kedro.io.data_catalog - INFO - Loading data from 'dummy' (TextDataSet)...
2023-12-13 01:51:59,669 - kedro.pipeline.node - INFO - Running node: evaluate_model: evaluate_model([X_test,y_test,params:model_params,dummy]) -> None
2023-12-13 01:52:19,147 - py.warnings - WARNING - C:\Users\Nico\Desktop\uchile\EL7022 - Procesamiento de Voz en Telecomunicaciones\NN_SER\lib\site-packages\_distutils_hack\__init__.py:33: UserWarning: Setuptools is replacing distutils.
  warnings.warn("Setuptools is replacing distutils.")

2023-12-13 01:52:19,317 - kedro.runner.sequential_runner - INFO - Completed 2 out of 2 tasks
2023-12-13 01:52:19,317 - kedro.runner.sequential_runner - INFO - Pipeline execution completed successfully.
2023-12-13 01:57:17,990 - kedro.framework.session.session - INFO - Kedro project emotion-detection
2023-12-13 01:57:25,880 - kedro.io.data_catalog - INFO - Loading data from 'X_train' (CSVDataSet)...
2023-12-13 01:57:30,018 - kedro.io.data_catalog - INFO - Loading data from 'X_val' (CSVDataSet)...
2023-12-13 01:57:31,209 - kedro.io.data_catalog - INFO - Loading data from 'y_train' (CSVDataSet)...
2023-12-13 01:57:31,260 - kedro.io.data_catalog - INFO - Loading data from 'y_val' (CSVDataSet)...
2023-12-13 01:57:31,279 - kedro.io.data_catalog - INFO - Loading data from 'params:model_params' (MemoryDataset)...
2023-12-13 01:57:31,280 - kedro.io.data_catalog - INFO - Loading data from 'params:train_params' (MemoryDataset)...
2023-12-13 01:57:31,549 - kedro.pipeline.node - INFO - Running node: train_model: train_model([X_train,X_val,y_train,y_val,params:model_params,params:train_params]) -> [dummy]
2023-12-13 02:00:53,886 - kedro.io.data_catalog - INFO - Saving data to 'dummy' (TextDataSet)...
2023-12-13 02:00:53,916 - kedro.runner.sequential_runner - INFO - Completed 1 out of 2 tasks
2023-12-13 02:00:53,916 - kedro.io.data_catalog - INFO - Loading data from 'X_test' (CSVDataSet)...
2023-12-13 02:00:54,504 - kedro.io.data_catalog - INFO - Loading data from 'y_test' (CSVDataSet)...
2023-12-13 02:00:54,520 - kedro.io.data_catalog - INFO - Loading data from 'params:model_params' (MemoryDataset)...
2023-12-13 02:00:54,520 - kedro.io.data_catalog - INFO - Loading data from 'dummy' (TextDataSet)...
2023-12-13 02:00:54,598 - kedro.pipeline.node - INFO - Running node: evaluate_model: evaluate_model([X_test,y_test,params:model_params,dummy]) -> None
2023-12-13 02:01:09,813 - py.warnings - WARNING - C:\Users\Nico\Desktop\uchile\EL7022 - Procesamiento de Voz en Telecomunicaciones\NN_SER\lib\site-packages\_distutils_hack\__init__.py:33: UserWarning: Setuptools is replacing distutils.
  warnings.warn("Setuptools is replacing distutils.")

2023-12-13 02:01:10,143 - kedro.runner.sequential_runner - INFO - Completed 2 out of 2 tasks
2023-12-13 02:01:10,143 - kedro.runner.sequential_runner - INFO - Pipeline execution completed successfully.
2023-12-14 00:37:46,527 - kedro.framework.session.session - INFO - Kedro project emotion-detection
2023-12-14 00:37:47,457 - py.warnings - WARNING - C:\Users\Nico\Desktop\uchile\EL7022 - Procesamiento de Voz en Telecomunicaciones\NN_SER\lib\site-packages\kedro\framework\project\__init__.py:366: UserWarning: An error occurred while importing the 'emotion_detection.pipelines.prepare_data' module. Nothing defined therein will be returned by 'find_pipelines'.

Traceback (most recent call last):
  File "C:\Users\Nico\Desktop\uchile\EL7022 - Procesamiento de Voz en Telecomunicaciones\NN_SER\lib\site-packages\kedro\framework\project\__init__.py", line 364, in find_pipelines
    pipeline_module = importlib.import_module(pipeline_module_name)
  File "C:\Users\Nico\.pyenv\pyenv-win\versions\3.10.9\lib\importlib\__init__.py", line 126, in import_module
    return _bootstrap._gcd_import(name[level:], package, level)
  File "<frozen importlib._bootstrap>", line 1050, in _gcd_import
  File "<frozen importlib._bootstrap>", line 1027, in _find_and_load
  File "<frozen importlib._bootstrap>", line 1006, in _find_and_load_unlocked
  File "<frozen importlib._bootstrap>", line 688, in _load_unlocked
  File "<frozen importlib._bootstrap_external>", line 883, in exec_module
  File "<frozen importlib._bootstrap>", line 241, in _call_with_frames_removed
  File "C:\Users\Nico\Desktop\uchile\EL7022 - Procesamiento de Voz en Telecomunicaciones\NN_SER\emotion-detection\src\emotion_detection\pipelines\prepare_data\__init__.py", line 6, in <module>
    from .pipeline import create_pipeline
  File "C:\Users\Nico\Desktop\uchile\EL7022 - Procesamiento de Voz en Telecomunicaciones\NN_SER\emotion-detection\src\emotion_detection\pipelines\prepare_data\pipeline.py", line 3, in <module>
    from .nodes import load_data, prepare_data, process_data, select_features, split_data
  File "C:\Users\Nico\Desktop\uchile\EL7022 - Procesamiento de Voz en Telecomunicaciones\NN_SER\emotion-detection\src\emotion_detection\pipelines\prepare_data\nodes.py", line 6, in <module>
    import pandas as pd
  File "C:\Users\Nico\Desktop\uchile\EL7022 - Procesamiento de Voz en Telecomunicaciones\NN_SER\lib\site-packages\pandas\__init__.py", line 22, in <module>
    from pandas.compat import is_numpy_dev as _is_numpy_dev  # pyright: ignore # noqa:F401
  File "C:\Users\Nico\Desktop\uchile\EL7022 - Procesamiento de Voz en Telecomunicaciones\NN_SER\lib\site-packages\pandas\compat\__init__.py", line 18, in <module>
    from pandas.compat.numpy import (
  File "C:\Users\Nico\Desktop\uchile\EL7022 - Procesamiento de Voz en Telecomunicaciones\NN_SER\lib\site-packages\pandas\compat\numpy\__init__.py", line 4, in <module>
    from pandas.util.version import Version
  File "C:\Users\Nico\Desktop\uchile\EL7022 - Procesamiento de Voz en Telecomunicaciones\NN_SER\lib\site-packages\pandas\util\__init__.py", line 2, in <module>
    from pandas.util._decorators import (  # noqa:F401
  File "C:\Users\Nico\Desktop\uchile\EL7022 - Procesamiento de Voz en Telecomunicaciones\NN_SER\lib\site-packages\pandas\util\_decorators.py", line 14, in <module>
    from pandas._libs.properties import cache_readonly
  File "C:\Users\Nico\Desktop\uchile\EL7022 - Procesamiento de Voz en Telecomunicaciones\NN_SER\lib\site-packages\pandas\_libs\__init__.py", line 13, in <module>
    from pandas._libs.interval import Interval
  File "pandas\_libs\interval.pyx", line 1, in init pandas._libs.interval
  File "pandas\_libs\hashtable.pyx", line 1, in init pandas._libs.hashtable
  File "pandas\_libs\missing.pyx", line 1, in init pandas._libs.missing
  File "C:\Users\Nico\Desktop\uchile\EL7022 - Procesamiento de Voz en Telecomunicaciones\NN_SER\lib\site-packages\pandas\_libs\tslibs\__init__.py", line 62, in <module>
    from pandas._libs.tslibs.period import (
  File "pandas\_libs\tslibs\period.pyx", line 1, in init pandas._libs.tslibs.period
  File "<frozen importlib._bootstrap>", line 216, in _lock_unlock_module
KeyboardInterrupt

  warnings.warn(

2023-12-14 00:38:21,105 - kedro.framework.session.session - INFO - Kedro project emotion-detection
2023-12-14 00:38:25,165 - kedro.io.data_catalog - INFO - Loading data from 'params:data_raw_path' (MemoryDataset)...
2023-12-14 00:38:25,167 - kedro.pipeline.node - INFO - Running node: load_data: load_data([params:data_raw_path]) -> [raw_data]
2023-12-14 00:38:25,388 - py.warnings - WARNING - C:\Users\Nico\Desktop\uchile\EL7022 - Procesamiento de Voz en Telecomunicaciones\NN_SER\emotion-detection\src\emotion_detection\pipelines\prepare_data\nodes.py:13: DtypeWarning: Columns (13) have mixed types. Specify dtype option on import or set low_memory=False.
  return pd.read_csv(path)

2023-12-14 00:38:25,476 - kedro.io.data_catalog - INFO - Saving data to 'raw_data' (CSVDataSet)...
2023-12-14 00:38:26,333 - kedro.runner.sequential_runner - INFO - Completed 1 out of 5 tasks
2023-12-14 00:38:26,334 - kedro.io.data_catalog - INFO - Loading data from 'raw_data' (CSVDataSet)...
2023-12-14 00:38:26,553 - py.warnings - WARNING - C:\Users\Nico\Desktop\uchile\EL7022 - Procesamiento de Voz en Telecomunicaciones\NN_SER\lib\site-packages\kedro\extras\datasets\pandas\csv_dataset.py:160: DtypeWarning: Columns (13) have mixed types. Specify dtype option on import or set low_memory=False.
  return pd.read_csv(load_path, **self._load_args)

2023-12-14 00:38:26,618 - kedro.pipeline.node - INFO - Running node: select_features: select_features([raw_data]) -> [video_names,target,other_data]
2023-12-14 00:38:26,681 - kedro.io.data_catalog - INFO - Saving data to 'video_names' (CSVDataSet)...
2023-12-14 00:38:26,870 - kedro.io.data_catalog - INFO - Saving data to 'target' (CSVDataSet)...
2023-12-14 00:38:27,007 - kedro.io.data_catalog - INFO - Saving data to 'other_data' (CSVDataSet)...
2023-12-14 00:38:27,636 - kedro.runner.sequential_runner - INFO - Completed 2 out of 5 tasks
2023-12-14 00:38:27,638 - kedro.io.data_catalog - INFO - Loading data from 'video_names' (CSVDataSet)...
2023-12-14 00:38:27,692 - kedro.io.data_catalog - INFO - Loading data from 'params:recreate_data' (MemoryDataset)...
2023-12-14 00:38:27,696 - kedro.pipeline.node - INFO - Running node: prepare_data: prepare_data([video_names,params:recreate_data]) -> [mel_images]
2023-12-14 00:38:33,140 - kedro.pipeline.node - ERROR - Node 'prepare_data: prepare_data([video_names,params:recreate_data]) -> [mel_images]' failed with error: 
melspectrogram() takes 0 positional arguments but 1 positional argument (and 1 keyword-only argument) were given
2023-12-14 00:38:33,147 - kedro.runner.sequential_runner - WARNING - There are 3 nodes that have not run.
You can resume the pipeline run from the nearest nodes with persisted inputs by adding the following argument to your previous command:
  --from-nodes "select_features"
2023-12-14 00:39:14,379 - kedro.framework.session.session - INFO - Kedro project emotion-detection
2023-12-14 00:39:17,714 - kedro.io.data_catalog - INFO - Loading data from 'params:data_raw_path' (MemoryDataset)...
2023-12-14 00:39:17,716 - kedro.pipeline.node - INFO - Running node: load_data: load_data([params:data_raw_path]) -> [raw_data]
2023-12-14 00:39:17,903 - py.warnings - WARNING - C:\Users\Nico\Desktop\uchile\EL7022 - Procesamiento de Voz en Telecomunicaciones\NN_SER\emotion-detection\src\emotion_detection\pipelines\prepare_data\nodes.py:13: DtypeWarning: Columns (13) have mixed types. Specify dtype option on import or set low_memory=False.
  return pd.read_csv(path)

2023-12-14 00:39:17,961 - kedro.io.data_catalog - INFO - Saving data to 'raw_data' (CSVDataSet)...
2023-12-14 00:39:18,703 - kedro.runner.sequential_runner - INFO - Completed 1 out of 5 tasks
2023-12-14 00:39:18,704 - kedro.io.data_catalog - INFO - Loading data from 'raw_data' (CSVDataSet)...
2023-12-14 00:39:18,896 - py.warnings - WARNING - C:\Users\Nico\Desktop\uchile\EL7022 - Procesamiento de Voz en Telecomunicaciones\NN_SER\lib\site-packages\kedro\extras\datasets\pandas\csv_dataset.py:160: DtypeWarning: Columns (13) have mixed types. Specify dtype option on import or set low_memory=False.
  return pd.read_csv(load_path, **self._load_args)

2023-12-14 00:39:18,952 - kedro.pipeline.node - INFO - Running node: select_features: select_features([raw_data]) -> [video_names,target,other_data]
2023-12-14 00:39:19,003 - kedro.io.data_catalog - INFO - Saving data to 'video_names' (CSVDataSet)...
2023-12-14 00:39:19,171 - kedro.io.data_catalog - INFO - Saving data to 'target' (CSVDataSet)...
2023-12-14 00:39:19,310 - kedro.io.data_catalog - INFO - Saving data to 'other_data' (CSVDataSet)...
2023-12-14 00:39:19,934 - kedro.runner.sequential_runner - INFO - Completed 2 out of 5 tasks
2023-12-14 00:39:19,936 - kedro.io.data_catalog - INFO - Loading data from 'video_names' (CSVDataSet)...
2023-12-14 00:39:19,987 - kedro.io.data_catalog - INFO - Loading data from 'params:recreate_data' (MemoryDataset)...
2023-12-14 00:39:19,991 - kedro.pipeline.node - INFO - Running node: prepare_data: prepare_data([video_names,params:recreate_data]) -> [mel_images]
2023-12-14 00:45:45,179 - kedro.io.data_catalog - INFO - Saving data to 'mel_images' (CSVDataSet)...
2023-12-14 00:46:01,849 - kedro.runner.sequential_runner - INFO - Completed 3 out of 5 tasks
2023-12-14 00:46:01,851 - kedro.io.data_catalog - INFO - Loading data from 'mel_images' (CSVDataSet)...
2023-12-14 00:46:02,075 - kedro.io.data_catalog - INFO - Loading data from 'other_data' (CSVDataSet)...
2023-12-14 00:46:02,236 - py.warnings - WARNING - C:\Users\Nico\Desktop\uchile\EL7022 - Procesamiento de Voz en Telecomunicaciones\NN_SER\lib\site-packages\kedro\extras\datasets\pandas\csv_dataset.py:160: DtypeWarning: Columns (12) have mixed types. Specify dtype option on import or set low_memory=False.
  return pd.read_csv(load_path, **self._load_args)

2023-12-14 00:46:02,276 - kedro.io.data_catalog - INFO - Loading data from 'target' (CSVDataSet)...
2023-12-14 00:46:02,314 - kedro.io.data_catalog - INFO - Loading data from 'params:split_data_params' (MemoryDataset)...
2023-12-14 00:46:02,328 - kedro.pipeline.node - INFO - Running node: split_data: split_data([mel_images,other_data,target,params:split_data_params]) -> [X_train_pre,X_val_pre,X_test_pre,y_train_pre,y_val_pre,y_test_pre]
2023-12-14 00:46:02,386 - kedro.io.data_catalog - INFO - Saving data to 'X_train_pre' (CSVDataSet)...
2023-12-14 00:46:02,990 - kedro.io.data_catalog - INFO - Saving data to 'X_val_pre' (CSVDataSet)...
2023-12-14 00:46:03,169 - kedro.io.data_catalog - INFO - Saving data to 'X_test_pre' (CSVDataSet)...
2023-12-14 00:46:03,266 - kedro.io.data_catalog - INFO - Saving data to 'y_train_pre' (CSVDataSet)...
2023-12-14 00:46:03,364 - kedro.io.data_catalog - INFO - Saving data to 'y_val_pre' (CSVDataSet)...
2023-12-14 00:46:03,398 - kedro.io.data_catalog - INFO - Saving data to 'y_test_pre' (CSVDataSet)...
2023-12-14 00:46:03,425 - kedro.runner.sequential_runner - INFO - Completed 4 out of 5 tasks
2023-12-14 00:46:03,427 - kedro.io.data_catalog - INFO - Loading data from 'X_train_pre' (CSVDataSet)...
2023-12-14 00:46:03,584 - kedro.io.data_catalog - INFO - Loading data from 'X_val_pre' (CSVDataSet)...
2023-12-14 00:46:03,643 - kedro.io.data_catalog - INFO - Loading data from 'X_test_pre' (CSVDataSet)...
2023-12-14 00:46:03,680 - kedro.io.data_catalog - INFO - Loading data from 'y_train_pre' (CSVDataSet)...
2023-12-14 00:46:03,708 - kedro.io.data_catalog - INFO - Loading data from 'y_val_pre' (CSVDataSet)...
2023-12-14 00:46:03,730 - kedro.io.data_catalog - INFO - Loading data from 'y_test_pre' (CSVDataSet)...
2023-12-14 00:46:03,758 - kedro.pipeline.node - INFO - Running node: process_data: process_data([X_train_pre,X_val_pre,X_test_pre,y_train_pre,y_val_pre,y_test_pre]) -> [X_train,X_val,X_test,y_train,y_val,y_test]
2023-12-14 00:46:03,951 - kedro.io.data_catalog - INFO - Saving data to 'X_train' (CSVDataSet)...
2023-12-14 00:46:04,558 - kedro.io.data_catalog - INFO - Saving data to 'X_val' (CSVDataSet)...
2023-12-14 00:46:04,737 - kedro.io.data_catalog - INFO - Saving data to 'X_test' (CSVDataSet)...
2023-12-14 00:46:04,831 - kedro.io.data_catalog - INFO - Saving data to 'y_train' (CSVDataSet)...
2023-12-14 00:46:04,978 - kedro.io.data_catalog - INFO - Saving data to 'y_val' (CSVDataSet)...
2023-12-14 00:46:05,028 - kedro.io.data_catalog - INFO - Saving data to 'y_test' (CSVDataSet)...
2023-12-14 00:46:05,060 - kedro.runner.sequential_runner - INFO - Completed 5 out of 5 tasks
2023-12-14 00:46:05,062 - kedro.runner.sequential_runner - INFO - Pipeline execution completed successfully.
2023-12-14 00:56:51,291 - kedro.framework.session.session - INFO - Kedro project emotion-detection
2023-12-14 00:56:54,681 - kedro.io.data_catalog - INFO - Loading data from 'X_train_pre' (CSVDataSet)...
2023-12-14 00:56:54,837 - kedro.io.data_catalog - INFO - Loading data from 'X_val_pre' (CSVDataSet)...
2023-12-14 00:56:54,900 - kedro.io.data_catalog - INFO - Loading data from 'X_test_pre' (CSVDataSet)...
2023-12-14 00:56:54,931 - kedro.io.data_catalog - INFO - Loading data from 'y_train_pre' (CSVDataSet)...
2023-12-14 00:56:54,947 - kedro.io.data_catalog - INFO - Loading data from 'y_val_pre' (CSVDataSet)...
2023-12-14 00:56:54,962 - kedro.io.data_catalog - INFO - Loading data from 'y_test_pre' (CSVDataSet)...
2023-12-14 00:56:54,978 - kedro.pipeline.node - INFO - Running node: process_data: process_data([X_train_pre,X_val_pre,X_test_pre,y_train_pre,y_val_pre,y_test_pre]) -> [X_train,X_val,X_test,y_train,y_val,y_test]
2023-12-14 00:56:54,994 - kedro.pipeline.node - ERROR - Node 'process_data: process_data([X_train_pre,X_val_pre,X_test_pre,y_train_pre,y_val_pre,y_test_pre]) -> [X_train,X_val,X_test,y_train,y_val,y_test]' failed with error: 
could not convert string to float: '[[159 159 172 ... 166 171 158]\n [140 134 153 ... 171 165 172]\n [149 149 148 ... 167 160 175]\n ...\n [ 26   6   0 ...   0   0   0]\n [ 26   6   0 ...   0   0   0]\n [ 25   6   0 ...   0   0   0]]'
2023-12-14 00:56:55,009 - kedro.runner.sequential_runner - WARNING - No nodes ran. Repeat the previous command to attempt a new run.
2023-12-14 00:59:35,992 - kedro.framework.session.session - INFO - Kedro project emotion-detection
2023-12-14 01:00:06,859 - kedro.framework.session.session - INFO - Kedro project emotion-detection
2023-12-14 01:01:30,498 - kedro.framework.session.session - INFO - Kedro project emotion-detection
2023-12-14 01:01:48,457 - kedro.framework.session.session - INFO - Kedro project emotion-detection
2023-12-14 01:01:51,660 - kedro.io.data_catalog - INFO - Loading data from 'params:data_raw_path' (MemoryDataset)...
2023-12-14 01:01:51,662 - kedro.pipeline.node - INFO - Running node: load_data: load_data([params:data_raw_path]) -> [raw_data]
2023-12-14 01:01:51,850 - py.warnings - WARNING - C:\Users\Nico\Desktop\uchile\EL7022 - Procesamiento de Voz en Telecomunicaciones\NN_SER\emotion-detection\src\emotion_detection\pipelines\prepare_data\nodes.py:13: DtypeWarning: Columns (13) have mixed types. Specify dtype option on import or set low_memory=False.
  return pd.read_csv(path)

2023-12-14 01:01:51,907 - kedro.io.data_catalog - INFO - Saving data to 'raw_data' (CSVDataSet)...
2023-12-14 01:01:52,642 - kedro.runner.sequential_runner - INFO - Completed 1 out of 5 tasks
2023-12-14 01:01:52,644 - kedro.io.data_catalog - INFO - Loading data from 'raw_data' (CSVDataSet)...
2023-12-14 01:01:52,834 - py.warnings - WARNING - C:\Users\Nico\Desktop\uchile\EL7022 - Procesamiento de Voz en Telecomunicaciones\NN_SER\lib\site-packages\kedro\extras\datasets\pandas\csv_dataset.py:160: DtypeWarning: Columns (13) have mixed types. Specify dtype option on import or set low_memory=False.
  return pd.read_csv(load_path, **self._load_args)

2023-12-14 01:01:52,893 - kedro.pipeline.node - INFO - Running node: select_features: select_features([raw_data]) -> [video_names,target,other_data]
2023-12-14 01:01:52,940 - kedro.io.data_catalog - INFO - Saving data to 'video_names' (CSVDataSet)...
2023-12-14 01:01:53,110 - kedro.io.data_catalog - INFO - Saving data to 'target' (CSVDataSet)...
2023-12-14 01:01:53,250 - kedro.io.data_catalog - INFO - Saving data to 'other_data' (CSVDataSet)...
2023-12-14 01:01:53,878 - kedro.runner.sequential_runner - INFO - Completed 2 out of 5 tasks
2023-12-14 01:01:53,879 - kedro.io.data_catalog - INFO - Loading data from 'video_names' (CSVDataSet)...
2023-12-14 01:01:53,930 - kedro.io.data_catalog - INFO - Loading data from 'params:recreate_data' (MemoryDataset)...
2023-12-14 01:01:53,934 - kedro.pipeline.node - INFO - Running node: prepare_data: prepare_data([video_names,params:recreate_data]) -> [mel_images]
2023-12-14 01:08:16,234 - kedro.io.data_catalog - INFO - Saving data to 'mel_images' (PickleDataSet)...
2023-12-14 01:08:22,217 - kedro.runner.sequential_runner - INFO - Completed 3 out of 5 tasks
2023-12-14 01:08:22,218 - kedro.io.data_catalog - INFO - Loading data from 'mel_images' (PickleDataSet)...
2023-12-14 01:08:27,407 - kedro.io.data_catalog - INFO - Loading data from 'other_data' (CSVDataSet)...
2023-12-14 01:08:27,619 - py.warnings - WARNING - C:\Users\Nico\Desktop\uchile\EL7022 - Procesamiento de Voz en Telecomunicaciones\NN_SER\lib\site-packages\kedro\extras\datasets\pandas\csv_dataset.py:160: DtypeWarning: Columns (12) have mixed types. Specify dtype option on import or set low_memory=False.
  return pd.read_csv(load_path, **self._load_args)

2023-12-14 01:08:27,658 - kedro.io.data_catalog - INFO - Loading data from 'target' (CSVDataSet)...
2023-12-14 01:08:27,706 - kedro.io.data_catalog - INFO - Loading data from 'params:split_data_params' (MemoryDataset)...
2023-12-14 01:08:27,921 - kedro.pipeline.node - INFO - Running node: split_data: split_data([mel_images,other_data,target,params:split_data_params]) -> [X_train_pre,X_val_pre,X_test_pre,y_train_pre,y_val_pre,y_test_pre]
2023-12-14 01:08:29,898 - kedro.io.data_catalog - INFO - Saving data to 'X_train_pre' (PickleDataSet)...
2023-12-14 01:08:36,528 - kedro.io.data_catalog - INFO - Saving data to 'X_val_pre' (PickleDataSet)...
2023-12-14 01:08:38,419 - kedro.io.data_catalog - INFO - Saving data to 'X_test_pre' (PickleDataSet)...
2023-12-14 01:08:39,341 - kedro.io.data_catalog - INFO - Saving data to 'y_train_pre' (CSVDataSet)...
2023-12-14 01:08:39,450 - kedro.io.data_catalog - INFO - Saving data to 'y_val_pre' (CSVDataSet)...
2023-12-14 01:08:39,482 - kedro.io.data_catalog - INFO - Saving data to 'y_test_pre' (CSVDataSet)...
2023-12-14 01:08:40,544 - kedro.runner.sequential_runner - INFO - Completed 4 out of 5 tasks
2023-12-14 01:08:40,544 - kedro.io.data_catalog - INFO - Loading data from 'X_train_pre' (PickleDataSet)...
2023-12-14 01:08:42,653 - kedro.io.data_catalog - INFO - Loading data from 'X_val_pre' (PickleDataSet)...
2023-12-14 01:08:43,700 - kedro.io.data_catalog - INFO - Loading data from 'X_test_pre' (PickleDataSet)...
2023-12-14 01:08:44,419 - kedro.io.data_catalog - INFO - Loading data from 'y_train_pre' (CSVDataSet)...
2023-12-14 01:08:44,450 - kedro.io.data_catalog - INFO - Loading data from 'y_val_pre' (CSVDataSet)...
2023-12-14 01:08:44,482 - kedro.io.data_catalog - INFO - Loading data from 'y_test_pre' (CSVDataSet)...
2023-12-14 01:08:45,607 - kedro.pipeline.node - INFO - Running node: process_data: process_data([X_train_pre,X_val_pre,X_test_pre,y_train_pre,y_val_pre,y_test_pre]) -> [X_train,X_val,X_test,y_train,y_val,y_test]
2023-12-14 01:08:45,607 - kedro.pipeline.node - ERROR - Node 'process_data: process_data([X_train_pre,X_val_pre,X_test_pre,y_train_pre,y_val_pre,y_test_pre]) -> [X_train,X_val,X_test,y_train,y_val,y_test]' failed with error: 
setting an array element with a sequence.
2023-12-14 01:08:46,700 - kedro.runner.sequential_runner - WARNING - There are 1 nodes that have not run.
You can resume the pipeline run from the nearest nodes with persisted inputs by adding the following argument to your previous command:
  --from-nodes "process_data"
2023-12-14 01:15:44,534 - kedro.framework.session.session - INFO - Kedro project emotion-detection
2023-12-14 01:15:49,717 - kedro.io.data_catalog - INFO - Loading data from 'X_train_pre' (PickleDataSet)...
2023-12-14 01:15:51,762 - kedro.io.data_catalog - INFO - Loading data from 'X_val_pre' (PickleDataSet)...
2023-12-14 01:15:52,837 - kedro.io.data_catalog - INFO - Loading data from 'X_test_pre' (PickleDataSet)...
2023-12-14 01:15:53,450 - kedro.io.data_catalog - INFO - Loading data from 'y_train_pre' (CSVDataSet)...
2023-12-14 01:15:53,476 - kedro.io.data_catalog - INFO - Loading data from 'y_val_pre' (CSVDataSet)...
2023-12-14 01:15:53,489 - kedro.io.data_catalog - INFO - Loading data from 'y_test_pre' (CSVDataSet)...
2023-12-14 01:15:54,658 - kedro.pipeline.node - INFO - Running node: process_data: process_data([X_train_pre,X_val_pre,X_test_pre,y_train_pre,y_val_pre,y_test_pre]) -> [X_train,X_val,X_test,y_train,y_val,y_test]
2023-12-14 01:15:57,572 - kedro.io.data_catalog - INFO - Saving data to 'X_train' (PickleDataSet)...
2023-12-14 01:16:03,053 - kedro.io.data_catalog - INFO - Saving data to 'X_val' (PickleDataSet)...
2023-12-14 01:16:04,879 - kedro.io.data_catalog - INFO - Saving data to 'X_test' (PickleDataSet)...
2023-12-14 01:16:05,737 - kedro.io.data_catalog - INFO - Saving data to 'y_train' (CSVDataSet)...
2023-12-14 01:16:05,908 - kedro.io.data_catalog - INFO - Saving data to 'y_val' (CSVDataSet)...
2023-12-14 01:16:05,974 - kedro.io.data_catalog - INFO - Saving data to 'y_test' (CSVDataSet)...
2023-12-14 01:16:06,407 - kedro.runner.sequential_runner - INFO - Completed 1 out of 1 tasks
2023-12-14 01:16:06,410 - kedro.runner.sequential_runner - INFO - Pipeline execution completed successfully.
2023-12-14 01:16:21,900 - kedro.framework.session.session - INFO - Kedro project emotion-detection
2023-12-14 01:16:25,952 - kedro.io.data_catalog - INFO - Loading data from 'X_train' (PickleDataSet)...
2023-12-14 01:16:27,853 - kedro.io.data_catalog - INFO - Loading data from 'X_val' (PickleDataSet)...
2023-12-14 01:16:28,682 - kedro.io.data_catalog - INFO - Loading data from 'y_train' (CSVDataSet)...
2023-12-14 01:16:28,759 - kedro.io.data_catalog - INFO - Loading data from 'y_val' (CSVDataSet)...
2023-12-14 01:16:28,786 - kedro.io.data_catalog - INFO - Loading data from 'params:model_params' (MemoryDataset)...
2023-12-14 01:16:28,789 - kedro.io.data_catalog - INFO - Loading data from 'params:train_params' (MemoryDataset)...
2023-12-14 01:16:29,635 - kedro.pipeline.node - INFO - Running node: train_model: train_model([X_train,X_val,y_train,y_val,params:model_params,params:train_params]) -> [dummy]
2023-12-14 01:16:29,668 - kedro.pipeline.node - ERROR - Node 'train_model: train_model([X_train,X_val,y_train,y_val,params:model_params,params:train_params]) -> [dummy]' failed with error: 
Input 0 of layer "conv2d" is incompatible with the layer: expected min_ndim=4, found ndim=3. Full shape received: (None, 128, 87)
2023-12-14 01:16:30,479 - kedro.runner.sequential_runner - WARNING - No nodes ran. Repeat the previous command to attempt a new run.
2023-12-14 01:23:00,211 - kedro.framework.session.session - INFO - Kedro project emotion-detection
2023-12-14 01:23:05,015 - kedro.io.data_catalog - INFO - Loading data from 'X_train' (PickleDataSet)...
2023-12-14 01:23:07,016 - kedro.io.data_catalog - INFO - Loading data from 'X_val' (PickleDataSet)...
2023-12-14 01:23:07,959 - kedro.io.data_catalog - INFO - Loading data from 'y_train' (CSVDataSet)...
2023-12-14 01:23:08,002 - kedro.io.data_catalog - INFO - Loading data from 'y_val' (CSVDataSet)...
2023-12-14 01:23:08,019 - kedro.io.data_catalog - INFO - Loading data from 'params:model_params' (MemoryDataset)...
2023-12-14 01:23:08,020 - kedro.io.data_catalog - INFO - Loading data from 'params:train_params' (MemoryDataset)...
2023-12-14 01:23:08,799 - kedro.pipeline.node - INFO - Running node: train_model: train_model([X_train,X_val,y_train,y_val,params:model_params,params:train_params]) -> [dummy]
2023-12-14 01:23:12,100 - kedro.pipeline.node - ERROR - Node 'train_model: train_model([X_train,X_val,y_train,y_val,params:model_params,params:train_params]) -> [dummy]' failed with error: 
Failed to convert a NumPy array to a Tensor (Unsupported object type numpy.ndarray).
2023-12-14 01:23:12,903 - kedro.runner.sequential_runner - WARNING - No nodes ran. Repeat the previous command to attempt a new run.
2023-12-14 01:25:12,959 - kedro.framework.session.session - INFO - Kedro project emotion-detection
2023-12-14 01:25:16,411 - kedro.io.data_catalog - INFO - Loading data from 'params:data_raw_path' (MemoryDataset)...
2023-12-14 01:25:16,413 - kedro.pipeline.node - INFO - Running node: load_data: load_data([params:data_raw_path]) -> [raw_data]
2023-12-14 01:25:16,640 - py.warnings - WARNING - C:\Users\Nico\Desktop\uchile\EL7022 - Procesamiento de Voz en Telecomunicaciones\NN_SER\emotion-detection\src\emotion_detection\pipelines\prepare_data\nodes.py:13: DtypeWarning: Columns (13) have mixed types. Specify dtype option on import or set low_memory=False.
  return pd.read_csv(path)

2023-12-14 01:25:16,708 - kedro.io.data_catalog - INFO - Saving data to 'raw_data' (CSVDataSet)...
2023-12-14 01:25:17,481 - kedro.runner.sequential_runner - INFO - Completed 1 out of 5 tasks
2023-12-14 01:25:17,483 - kedro.io.data_catalog - INFO - Loading data from 'raw_data' (CSVDataSet)...
2023-12-14 01:25:17,685 - py.warnings - WARNING - C:\Users\Nico\Desktop\uchile\EL7022 - Procesamiento de Voz en Telecomunicaciones\NN_SER\lib\site-packages\kedro\extras\datasets\pandas\csv_dataset.py:160: DtypeWarning: Columns (13) have mixed types. Specify dtype option on import or set low_memory=False.
  return pd.read_csv(load_path, **self._load_args)

2023-12-14 01:25:17,744 - kedro.pipeline.node - INFO - Running node: select_features: select_features([raw_data]) -> [video_names,target,other_data]
2023-12-14 01:25:17,794 - kedro.io.data_catalog - INFO - Saving data to 'video_names' (CSVDataSet)...
2023-12-14 01:25:17,982 - kedro.io.data_catalog - INFO - Saving data to 'target' (CSVDataSet)...
2023-12-14 01:25:18,131 - kedro.io.data_catalog - INFO - Saving data to 'other_data' (CSVDataSet)...
2023-12-14 01:25:18,805 - kedro.runner.sequential_runner - INFO - Completed 2 out of 5 tasks
2023-12-14 01:25:18,807 - kedro.io.data_catalog - INFO - Loading data from 'video_names' (CSVDataSet)...
2023-12-14 01:25:18,859 - kedro.io.data_catalog - INFO - Loading data from 'params:recreate_data' (MemoryDataset)...
2023-12-14 01:25:18,865 - kedro.pipeline.node - INFO - Running node: prepare_data: prepare_data([video_names,params:recreate_data]) -> [mel_images]
2023-12-14 01:33:35,369 - kedro.io.data_catalog - INFO - Saving data to 'mel_images' (PickleDataSet)...
2023-12-14 01:43:13,745 - kedro.runner.sequential_runner - INFO - Completed 3 out of 5 tasks
2023-12-14 01:43:13,758 - kedro.io.data_catalog - INFO - Loading data from 'mel_images' (PickleDataSet)...
2023-12-14 01:43:27,606 - kedro.io.data_catalog - INFO - Loading data from 'other_data' (CSVDataSet)...
2023-12-14 01:43:27,850 - py.warnings - WARNING - C:\Users\Nico\Desktop\uchile\EL7022 - Procesamiento de Voz en Telecomunicaciones\NN_SER\lib\site-packages\kedro\extras\datasets\pandas\csv_dataset.py:160: DtypeWarning: Columns (12) have mixed types. Specify dtype option on import or set low_memory=False.
  return pd.read_csv(load_path, **self._load_args)

2023-12-14 01:43:27,956 - kedro.io.data_catalog - INFO - Loading data from 'target' (CSVDataSet)...
2023-12-14 01:43:28,004 - kedro.io.data_catalog - INFO - Loading data from 'params:split_data_params' (MemoryDataset)...
2023-12-14 01:43:28,231 - kedro.pipeline.node - INFO - Running node: split_data: split_data([mel_images,other_data,target,params:split_data_params]) -> [X_train_pre,X_val_pre,X_test_pre,y_train_pre,y_val_pre,y_test_pre]
2023-12-14 01:43:30,222 - kedro.io.data_catalog - INFO - Saving data to 'X_train_pre' (PickleDataSet)...
2023-12-14 01:47:34,795 - kedro.io.data_catalog - INFO - Saving data to 'X_val_pre' (PickleDataSet)...
2023-12-14 01:48:08,953 - kedro.io.data_catalog - INFO - Saving data to 'X_test_pre' (PickleDataSet)...
2023-12-14 01:48:25,596 - kedro.io.data_catalog - INFO - Saving data to 'y_train_pre' (CSVDataSet)...
2023-12-14 01:48:25,752 - kedro.io.data_catalog - INFO - Saving data to 'y_val_pre' (CSVDataSet)...
2023-12-14 01:48:25,800 - kedro.io.data_catalog - INFO - Saving data to 'y_test_pre' (CSVDataSet)...
2023-12-14 02:03:56,591 - kedro.framework.session.session - INFO - Kedro project emotion-detection
2023-12-14 02:04:02,420 - kedro.io.data_catalog - INFO - Loading data from 'X_train_pre' (PickleDataSet)...
2023-12-14 02:04:10,571 - kedro.io.data_catalog - INFO - Loading data from 'X_val_pre' (PickleDataSet)...
2023-12-14 02:04:13,944 - kedro.io.data_catalog - INFO - Loading data from 'X_test_pre' (PickleDataSet)...
2023-12-14 02:04:18,455 - kedro.io.data_catalog - INFO - Loading data from 'y_train_pre' (CSVDataSet)...
2023-12-14 02:04:18,618 - kedro.io.data_catalog - INFO - Loading data from 'y_val_pre' (CSVDataSet)...
2023-12-14 02:04:18,659 - kedro.io.data_catalog - INFO - Loading data from 'y_test_pre' (CSVDataSet)...
2023-12-14 02:04:20,847 - kedro.pipeline.node - INFO - Running node: process_data: process_data([X_train_pre,X_val_pre,X_test_pre,y_train_pre,y_val_pre,y_test_pre]) -> [X_train,X_val,X_test,y_train,y_val,y_test]
2023-12-14 02:04:25,730 - kedro.io.data_catalog - INFO - Saving data to 'X_train' (PickleDataSet)...
2023-12-14 02:05:52,600 - kedro.framework.session.session - INFO - Kedro project emotion-detection
2023-12-14 02:05:58,354 - kedro.io.data_catalog - INFO - Loading data from 'mel_images' (PickleDataSet)...
2023-12-14 02:06:08,832 - kedro.io.data_catalog - INFO - Loading data from 'other_data' (CSVDataSet)...
2023-12-14 02:06:09,110 - py.warnings - WARNING - C:\Users\Nico\Desktop\uchile\EL7022 - Procesamiento de Voz en Telecomunicaciones\NN_SER\lib\site-packages\kedro\extras\datasets\pandas\csv_dataset.py:160: DtypeWarning: Columns (12) have mixed types. Specify dtype option on import or set low_memory=False.
  return pd.read_csv(load_path, **self._load_args)

2023-12-14 02:06:09,217 - kedro.io.data_catalog - INFO - Loading data from 'target' (CSVDataSet)...
2023-12-14 02:06:09,269 - kedro.io.data_catalog - INFO - Loading data from 'params:split_data_params' (MemoryDataset)...
2023-12-14 02:06:09,533 - kedro.pipeline.node - INFO - Running node: split_data: split_data([mel_images,other_data,target,params:split_data_params]) -> [X_train_pre,X_val_pre,X_test_pre,y_train_pre,y_val_pre,y_test_pre]
2023-12-14 02:06:11,748 - kedro.io.data_catalog - INFO - Saving data to 'X_train_pre' (PickleDataSet)...
2023-12-14 02:09:09,547 - kedro.io.data_catalog - INFO - Saving data to 'X_val_pre' (PickleDataSet)...
2023-12-14 02:09:33,288 - kedro.io.data_catalog - INFO - Saving data to 'X_test_pre' (PickleDataSet)...
2023-12-14 02:09:46,069 - kedro.io.data_catalog - INFO - Saving data to 'y_train_pre' (CSVDataSet)...
2023-12-14 02:09:46,232 - kedro.io.data_catalog - INFO - Saving data to 'y_val_pre' (CSVDataSet)...
2023-12-14 02:09:46,278 - kedro.io.data_catalog - INFO - Saving data to 'y_test_pre' (CSVDataSet)...
2023-12-14 02:21:28,456 - kedro.framework.session.session - INFO - Kedro project emotion-detection
2023-12-14 02:21:34,956 - kedro.io.data_catalog - INFO - Loading data from 'mel_images' (PickleDataSet)...
2023-12-14 02:21:49,292 - kedro.io.data_catalog - INFO - Loading data from 'other_data' (CSVDataSet)...
2023-12-14 02:21:50,092 - py.warnings - WARNING - C:\Users\Nico\Desktop\uchile\EL7022 - Procesamiento de Voz en Telecomunicaciones\NN_SER\lib\site-packages\kedro\extras\datasets\pandas\csv_dataset.py:160: DtypeWarning: Columns (12) have mixed types. Specify dtype option on import or set low_memory=False.
  return pd.read_csv(load_path, **self._load_args)

2023-12-14 02:21:50,511 - kedro.io.data_catalog - INFO - Loading data from 'target' (CSVDataSet)...
2023-12-14 02:21:50,843 - kedro.io.data_catalog - INFO - Loading data from 'params:split_data_params' (MemoryDataset)...
2023-12-14 02:21:52,084 - kedro.pipeline.node - INFO - Running node: split_data: split_data([mel_images,other_data,target,params:split_data_params]) -> [X_train_pre,X_val_pre,X_test_pre,y_train_pre,y_val_pre,y_test_pre]
2023-12-14 02:21:56,389 - kedro.io.data_catalog - INFO - Saving data to 'X_train_pre' (PickleDataSet)...
2023-12-14 02:24:52,255 - kedro.io.data_catalog - INFO - Saving data to 'X_val_pre' (PickleDataSet)...
2023-12-14 02:25:15,393 - kedro.io.data_catalog - INFO - Saving data to 'X_test_pre' (PickleDataSet)...
2023-12-14 02:25:29,213 - kedro.io.data_catalog - INFO - Saving data to 'y_train_pre' (CSVDataSet)...
2023-12-14 02:25:29,448 - kedro.io.data_catalog - INFO - Saving data to 'y_val_pre' (CSVDataSet)...
2023-12-14 02:25:29,494 - kedro.io.data_catalog - INFO - Saving data to 'y_test_pre' (CSVDataSet)...
2023-12-14 02:31:46,739 - kedro.runner.sequential_runner - INFO - Completed 1 out of 2 tasks
2023-12-14 02:31:46,739 - kedro.io.data_catalog - INFO - Loading data from 'X_train_pre' (PickleDataSet)...
2023-12-14 02:31:58,150 - kedro.io.data_catalog - INFO - Loading data from 'X_val_pre' (PickleDataSet)...
2023-12-14 02:32:02,151 - kedro.io.data_catalog - INFO - Loading data from 'X_test_pre' (PickleDataSet)...
2023-12-14 02:32:04,323 - kedro.io.data_catalog - INFO - Loading data from 'y_train_pre' (CSVDataSet)...
2023-12-14 02:32:04,385 - kedro.io.data_catalog - INFO - Loading data from 'y_val_pre' (CSVDataSet)...
2023-12-14 02:32:04,432 - kedro.io.data_catalog - INFO - Loading data from 'y_test_pre' (CSVDataSet)...
2023-12-14 02:32:05,823 - kedro.pipeline.node - INFO - Running node: process_data: process_data([X_train_pre,X_val_pre,X_test_pre,y_train_pre,y_val_pre,y_test_pre]) -> [X_train,X_val,X_test,y_train,y_val,y_test]
2023-12-14 02:32:09,090 - kedro.io.data_catalog - INFO - Saving data to 'X_train' (PickleDataSet)...
2023-12-14 02:34:49,449 - kedro.io.data_catalog - INFO - Saving data to 'X_val' (PickleDataSet)...
2023-12-14 02:35:22,784 - kedro.io.data_catalog - INFO - Saving data to 'X_test' (PickleDataSet)...
2023-12-14 02:35:40,631 - kedro.io.data_catalog - INFO - Saving data to 'y_train' (CSVDataSet)...
2023-12-14 02:35:40,850 - kedro.io.data_catalog - INFO - Saving data to 'y_val' (CSVDataSet)...
2023-12-14 02:35:40,928 - kedro.io.data_catalog - INFO - Saving data to 'y_test' (CSVDataSet)...
2023-12-14 02:36:32,382 - kedro.runner.sequential_runner - INFO - Completed 2 out of 2 tasks
2023-12-14 02:36:32,382 - kedro.runner.sequential_runner - INFO - Pipeline execution completed successfully.
2023-12-14 02:40:40,584 - kedro.framework.session.session - INFO - Kedro project emotion-detection
2023-12-14 02:40:47,098 - kedro.io.data_catalog - INFO - Loading data from 'X_train' (PickleDataSet)...
2023-12-14 02:40:54,630 - kedro.io.data_catalog - INFO - Loading data from 'X_val' (PickleDataSet)...
2023-12-14 02:40:57,255 - kedro.io.data_catalog - INFO - Loading data from 'y_train' (CSVDataSet)...
2023-12-14 02:40:57,318 - kedro.io.data_catalog - INFO - Loading data from 'y_val' (CSVDataSet)...
2023-12-14 02:40:57,364 - kedro.io.data_catalog - INFO - Loading data from 'params:model_params' (MemoryDataset)...
2023-12-14 02:40:57,364 - kedro.io.data_catalog - INFO - Loading data from 'params:train_params' (MemoryDataset)...
2023-12-14 02:40:58,240 - kedro.pipeline.node - INFO - Running node: train_model: train_model([X_train,X_val,y_train,y_val,params:model_params,params:train_params]) -> [dummy]
2023-12-14 02:41:02,840 - kedro.pipeline.node - ERROR - Node 'train_model: train_model([X_train,X_val,y_train,y_val,params:model_params,params:train_params]) -> [dummy]' failed with error: 
Failed to convert a NumPy array to a Tensor (Unsupported object type numpy.ndarray).
2023-12-14 02:41:03,730 - kedro.runner.sequential_runner - WARNING - No nodes ran. Repeat the previous command to attempt a new run.
2023-12-14 02:44:15,889 - kedro.framework.session.session - INFO - Kedro project emotion-detection
2023-12-14 02:44:28,159 - kedro.io.data_catalog - INFO - Loading data from 'X_train' (PickleDataSet)...
2023-12-14 02:44:37,098 - kedro.io.data_catalog - INFO - Loading data from 'X_val' (PickleDataSet)...
2023-12-14 02:44:39,802 - kedro.io.data_catalog - INFO - Loading data from 'y_train' (CSVDataSet)...
2023-12-14 02:44:39,864 - kedro.io.data_catalog - INFO - Loading data from 'y_val' (CSVDataSet)...
2023-12-14 02:44:39,896 - kedro.io.data_catalog - INFO - Loading data from 'params:model_params' (MemoryDataset)...
2023-12-14 02:44:39,896 - kedro.io.data_catalog - INFO - Loading data from 'params:train_params' (MemoryDataset)...
2023-12-14 02:44:40,833 - kedro.pipeline.node - INFO - Running node: train_model: train_model([X_train,X_val,y_train,y_val,params:model_params,params:train_params]) -> [dummy]
2023-12-14 02:44:40,833 - kedro.pipeline.node - ERROR - Node 'train_model: train_model([X_train,X_val,y_train,y_val,params:model_params,params:train_params]) -> [dummy]' failed with error: 
setting an array element with a sequence.
2023-12-14 02:44:41,708 - kedro.runner.sequential_runner - WARNING - No nodes ran. Repeat the previous command to attempt a new run.
2023-12-14 02:45:57,893 - kedro.framework.session.session - INFO - Kedro project emotion-detection
2023-12-14 02:46:02,808 - kedro.io.data_catalog - INFO - Loading data from 'X_train' (PickleDataSet)...
2023-12-14 02:46:12,262 - kedro.io.data_catalog - INFO - Loading data from 'X_val' (PickleDataSet)...
2023-12-14 02:46:14,668 - kedro.io.data_catalog - INFO - Loading data from 'y_train' (CSVDataSet)...
2023-12-14 02:46:14,731 - kedro.io.data_catalog - INFO - Loading data from 'y_val' (CSVDataSet)...
2023-12-14 02:46:14,746 - kedro.io.data_catalog - INFO - Loading data from 'params:model_params' (MemoryDataset)...
2023-12-14 02:46:14,746 - kedro.io.data_catalog - INFO - Loading data from 'params:train_params' (MemoryDataset)...
2023-12-14 02:46:15,621 - kedro.pipeline.node - INFO - Running node: train_model: train_model([X_train,X_val,y_train,y_val,params:model_params,params:train_params]) -> [dummy]
2023-12-14 02:46:16,059 - kedro.pipeline.node - ERROR - Node 'train_model: train_model([X_train,X_val,y_train,y_val,params:model_params,params:train_params]) -> [dummy]' failed with error: 
setting an array element with a sequence.
2023-12-14 02:46:16,934 - kedro.runner.sequential_runner - WARNING - No nodes ran. Repeat the previous command to attempt a new run.
2023-12-14 02:46:48,231 - kedro.framework.session.session - INFO - Kedro project emotion-detection
2023-12-14 02:46:55,066 - kedro.io.data_catalog - INFO - Loading data from 'X_train' (PickleDataSet)...
2023-12-14 02:47:04,603 - kedro.io.data_catalog - INFO - Loading data from 'X_val' (PickleDataSet)...
2023-12-14 02:47:07,133 - kedro.io.data_catalog - INFO - Loading data from 'y_train' (CSVDataSet)...
2023-12-14 02:47:07,191 - kedro.io.data_catalog - INFO - Loading data from 'y_val' (CSVDataSet)...
2023-12-14 02:47:07,207 - kedro.io.data_catalog - INFO - Loading data from 'params:model_params' (MemoryDataset)...
2023-12-14 02:47:07,207 - kedro.io.data_catalog - INFO - Loading data from 'params:train_params' (MemoryDataset)...
2023-12-14 02:47:08,105 - kedro.pipeline.node - INFO - Running node: train_model: train_model([X_train,X_val,y_train,y_val,params:model_params,params:train_params]) -> [dummy]
2023-12-14 02:47:08,130 - kedro.pipeline.node - ERROR - Node 'train_model: train_model([X_train,X_val,y_train,y_val,params:model_params,params:train_params]) -> [dummy]' failed with error: 
setting an array element with a sequence.
2023-12-14 02:47:09,030 - kedro.runner.sequential_runner - WARNING - No nodes ran. Repeat the previous command to attempt a new run.
